
GET / 13-11-2023_12:54:46
GET /favicon.ico 13-11-2023_12:54:46
GET / 13-11-2023_01:07:36
GET /api/projects 13-11-2023_03:10:16
GET /api/projects 13-11-2023_03:12:07
GET /api 13-11-2023_03:12:36
GET /api/projects/32423 13-11-2023_03:27:14
GET /api/projects/32423 13-11-2023_03:27:20
GET /api/projects 14-11-2023_04:46:29
GET /api/projects 14-11-2023_04:47:49
GET /api/projects 14-11-2023_04:49:18
GET /api/projects 14-11-2023_04:50:59
GET /api/projects 14-11-2023_04:51:08
GET /api/projectsf 14-11-2023_05:15:02
PUT /api/projects/85d5d775-2d10-4b7b-91f6-651c6b4997f5 15-11-2023_10:38:12
PUT /api/projects/85d5d775-2d10-4b7b-91f6-651c6b4997f5 15-11-2023_10:38:42
PUT /api/projects/http://localhost:3001/api/projects 15-11-2023_11:29:17
POST /api/users 28-11-2023_11:43:27
POST /api/users 28-11-2023_11:43:42
POST /api/users 28-11-2023_11:44:26
POST /api/auth/register 28-11-2023_11:44:59
POST /api/projects/avatars 30-11-2023_02:15:50
POST /api/projects/avatars 30-11-2023_02:16:20
POST /api/projects/avatars 30-11-2023_02:17:14
POST /api/projects/avatars 30-11-2023_02:17:15
POST /api/projects/avatars 30-11-2023_02:17:42
POST /api/projects/avatars 30-11-2023_02:17:56
POST /api/projects/avatars 30-11-2023_02:51:47
POST /api/projects/avatars 30-11-2023_02:52:27
PATCH /api/projects/avatars/65688de1dbbed05cf9e50a16 30-11-2023_06:02:46
PATCH /api/projects/avatars/65688de1dbbed05cf9e50a16 30-11-2023_06:04:24
PATCH /api/projects/avatars/65688de1dbbed05cf9e50a16 30-11-2023_06:05:55
PATCH /api/projects/avatars/65688de1dbbed05cf9e50a16 30-11-2023_06:06:13
PATCH /api/projects/avatars/65688de1dbbed05cf9e50a16 30-11-2023_06:06:24
PATCH /api/projects/avatars/65688de1dbbed05cf9e50a16 30-11-2023_06:06:51
PATCH /api/projects/avatars/65688de1dbbed05cf9e50a16 30-11-2023_06:08:06
PATCH /api/projects/avatars/65688de1dbbed05cf9e50a16 30-11-2023_06:11:27
PATCH /api/projects/avatars/65688de1dbbed05cf9e50a16 30-11-2023_06:12:35
PATCH /api/projects/avatars/65688de1dbbed05cf9e50a16 30-11-2023_06:14:58
PATCH /api/projects/avatars/65688de1dbbed05cf9e50a16 30-11-2023_06:14:59
PATCH /api/projects/avatars/65688de1dbbed05cf9e50a16 30-11-2023_06:15:13
PATCH /api/projects/avatars/65688de1dbbed05cf9e50a16 30-11-2023_06:15:57
PATCH /api/projects/avatars/65688de1dbbed05cf9e50a16 30-11-2023_06:16:21
PATCH /api/projects/avatars/65688de1dbbed05cf9e50a16 30-11-2023_06:17:29
PATCH /api/projects/avatars/65688de1dbbed05cf9e50a16 30-11-2023_06:27:32
PATCH /api/projects/avatars 30-11-2023_06:27:40
PATCH /api/projects/avatars/65688de1dbbed05cf9e50a16 30-11-2023_06:30:48